<?xml version="1.0" encoding="UTF-8"?>
<testng-results ignored="0" total="1" passed="1" failed="0" skipped="0">
  <reporter-output>
  </reporter-output>
  <suite started-at="2021-06-05T20:44:30 EDT" name="regression" finished-at="2021-06-05T20:44:30 EDT" duration-ms="73">
    <groups>
    </groups>
    <test started-at="2021-06-05T20:44:30 EDT" name="Data Provide test" finished-at="2021-06-05T20:44:30 EDT" duration-ms="73">
      <class name="SeleniumPractice.parameterExample">
        <test-method signature="test1(java.lang.String)[pri:0, instance:SeleniumPractice.parameterExample@4d826d77]" started-at="2021-06-05T20:44:30 EDT" name="test1" description="parameterization" finished-at="2021-06-05T20:44:30 EDT" duration-ms="10" status="PASS">
          <params>
            <param index="0">
              <value>
                <![CDATA[IsaOzbey]]>
              </value>
            </param>
          </params>
          <reporter-output>
          </reporter-output>
        </test-method> <!-- test1 -->
      </class> <!-- SeleniumPractice.parameterExample -->
    </test> <!-- Data Provide test -->
  </suite> <!-- regression -->
</testng-results>
